app/build/outputs/logs/manifest-merger-debug-report.txt
-- Merging decision tree log ---
manifest
ADDED from src/main/AndroidManifest.xml:2:1-800:12
	package
		ADDED from src/main/AndroidManifest.xml:3:5-27
		INJECTED from src/main/AndroidManifest.xml
		INJECTED from src/main/AndroidManifest.xml
	android:versionName
		ADDED from src/main/AndroidManifest.xml:5:5-30
		INJECTED from src/main/AndroidManifest.xml
		INJECTED from src/main/AndroidManifest.xml
	android:versionCode
		ADDED from src/main/AndroidManifest.xml:4:5-28
		INJECTED from src/main/AndroidManifest.xml
		INJECTED from src/main/AndroidManifest.xml
	xmlns:android
		ADDED from src/main/AndroidManifest.xml:2:11-69
uses-sdk
ADDED from src/main/AndroidManifest.xml:7:5-9:41
MERGED from [99RSPL 11May:sqlite-android-3150000-see:unspecified] AndroidManifest.xml:7:5-9:41
MERGED from [com.android.support:recyclerview-v7:24.0.0] AndroidManifest.xml:20:5-43
MERGED from [com.actionbarsherlock:actionbarsherlock:4.4.0] AndroidManifest.xml:3:3-70
MERGED from [com.google.android.gms:play-services-appindexing:9.8.0] AndroidManifest.xml:17:5-42
MERGED from [com.google.android.gms:play-services-base:9.8.0] AndroidManifest.xml:17:5-42
MERGED from [com.google.firebase:firebase-messaging:9.8.0] AndroidManifest.xml:17:5-42
MERGED from [com.mcxiaoke.volley:library-aar:1.0.1] AndroidManifest.xml:3:5-72
MERGED from [com.android.support.constraint:constraint-layout:1.0.0-beta5] AndroidManifest.xml:5:5-7:41
MERGED from [com.google.firebase:firebase-core:9.8.0] AndroidManifest.xml:4:5-42
MERGED from [com.google.firebase:firebase-analytics:9.8.0] AndroidManifest.xml:17:5-42
MERGED from [com.google.firebase:firebase-analytics-impl:9.8.0] AndroidManifest.xml:17:5-42
MERGED from [com.google.firebase:firebase-iid:9.8.0] AndroidManifest.xml:17:5-42
MERGED from [com.google.firebase:firebase-common:9.8.0] AndroidManifest.xml:3:5-42
MERGED from [com.google.android.gms:play-services-tasks:9.8.0] AndroidManifest.xml:3:5-42
MERGED from [com.google.android.gms:play-services-basement:9.8.0] AndroidManifest.xml:17:5-42
MERGED from [com.android.support:support-v4:24.0.0] AndroidManifest.xml:21:5-23:54
	tools:overrideLibrary
		ADDED from [com.android.support:support-v4:24.0.0] AndroidManifest.xml:23:9-51
	android:targetSdkVersion
		ADDED from src/main/AndroidManifest.xml:9:9-38
		INJECTED from src/main/AndroidManifest.xml
		INJECTED from src/main/AndroidManifest.xml
	android:minSdkVersion
		ADDED from src/main/AndroidManifest.xml:8:9-35
		INJECTED from src/main/AndroidManifest.xml
		INJECTED from src/main/AndroidManifest.xml
uses-permission#android.permission.BLUETOOTH
ADDED from src/main/AndroidManifest.xml:17:5-68
	android:name
		ADDED from src/main/AndroidManifest.xml:17:22-65
uses-permission#android.permission.BLUETOOTH_ADMIN
ADDED from src/main/AndroidManifest.xml:18:5-74
	android:name
		ADDED from src/main/AndroidManifest.xml:18:22-71
uses-permission#android.permission.CHANGE_WIFI_STATE
ADDED from src/main/AndroidManifest.xml:19:5-76
	android:name
		ADDED from src/main/AndroidManifest.xml:19:22-73
uses-permission#android.permission.GET_ACCOUNTS
ADDED from src/main/AndroidManifest.xml:20:5-71
	android:name
		ADDED from src/main/AndroidManifest.xml:20:22-68
uses-permission#com.mycompany.apps.permission.C2D_MESSAGE
ADDED from src/main/AndroidManifest.xml:21:5-23:47
	android:protectionLevel
		ADDED from src/main/AndroidManifest.xml:23:9-44
	android:name
		ADDED from src/main/AndroidManifest.xml:22:9-65
uses-permission#com.google.android.c2dm.permission.RECEIVE
ADDED from src/main/AndroidManifest.xml:24:5-82
MERGED from [com.google.firebase:firebase-iid:9.8.0] AndroidManifest.xml:22:5-81
	android:name
		ADDED from src/main/AndroidManifest.xml:24:22-79
uses-permission#android.permission.INTERNET
ADDED from src/main/AndroidManifest.xml:25:5-67
MERGED from [com.google.firebase:firebase-analytics:9.8.0] AndroidManifest.xml:20:5-66
MERGED from [com.google.firebase:firebase-analytics-impl:9.8.0] AndroidManifest.xml:20:5-66
MERGED from [com.google.firebase:firebase-iid:9.8.0] AndroidManifest.xml:20:5-66
	android:name
		ADDED from src/main/AndroidManifest.xml:25:22-64
uses-permission#android.permission.WAKE_LOCK
ADDED from src/main/AndroidManifest.xml:26:5-68
MERGED from [com.google.firebase:firebase-analytics:9.8.0] AndroidManifest.xml:22:5-67
MERGED from [com.google.firebase:firebase-analytics-impl:9.8.0] AndroidManifest.xml:22:5-67
MERGED from [com.google.firebase:firebase-iid:9.8.0] AndroidManifest.xml:21:5-67
	android:name
		ADDED from src/main/AndroidManifest.xml:26:22-65
uses-permission#android.permission.READ_CONTACTS
ADDED from src/main/AndroidManifest.xml:27:5-72
	android:name
		ADDED from src/main/AndroidManifest.xml:27:22-69
uses-permission#android.permission.READ_PHONE_STATE
ADDED from src/main/AndroidManifest.xml:28:5-75
	android:name
		ADDED from src/main/AndroidManifest.xml:28:22-72
uses-permission#android.permission.READ_EXTERNAL_STORAGE
ADDED from src/main/AndroidManifest.xml:29:5-80
	android:name
		ADDED from src/main/AndroidManifest.xml:29:22-77
uses-permission#android.permission.RECEIVE_BOOT_COMPLETED
ADDED from src/main/AndroidManifest.xml:30:5-81
	android:name
		ADDED from src/main/AndroidManifest.xml:30:22-78
uses-permission#android.permission.DISABLE_KEYGUARD
ADDED from src/main/AndroidManifest.xml:31:5-75
	android:name
		ADDED from src/main/AndroidManifest.xml:31:22-72
uses-permission#android.permission.SYSTEM_ALERT_WINDOW
ADDED from src/main/AndroidManifest.xml:32:5-78
	android:name
		ADDED from src/main/AndroidManifest.xml:32:22-75
uses-permission#android.permission.MODIFY_AUDIO_SETTINGS
ADDED from src/main/AndroidManifest.xml:33:5-80
	android:name
		ADDED from src/main/AndroidManifest.xml:33:22-77
uses-permission#android.permission.ACCESS_NETWORK_STATE
ADDED from src/main/AndroidManifest.xml:34:5-79
MERGED from [com.google.firebase:firebase-analytics:9.8.0] AndroidManifest.xml:21:5-78
MERGED from [com.google.firebase:firebase-analytics-impl:9.8.0] AndroidManifest.xml:21:5-78
MERGED from [com.google.firebase:firebase-iid:9.8.0] AndroidManifest.xml:19:5-78
	android:name
		ADDED from src/main/AndroidManifest.xml:34:22-76
uses-permission#android.permission.ACCESS_WIFI_STATE
ADDED from src/main/AndroidManifest.xml:35:5-76
	android:name
		ADDED from src/main/AndroidManifest.xml:35:22-73
uses-permission#android.permission.WRITE_EXTERNAL_STORAGE
ADDED from src/main/AndroidManifest.xml:36:5-38:38
	android:maxSdkVersion
		ADDED from src/main/AndroidManifest.xml:38:9-35
	android:name
		ADDED from src/main/AndroidManifest.xml:37:9-65
application
ADDED from src/main/AndroidManifest.xml:40:5-798:19
MERGED from [99RSPL 11May:sqlite-android-3150000-see:unspecified] AndroidManifest.xml:11:5-15:19
MERGED from [com.actionbarsherlock:actionbarsherlock:4.4.0] AndroidManifest.xml:4:3-17
MERGED from [com.google.android.gms:play-services-appindexing:9.8.0] AndroidManifest.xml:18:5-19
MERGED from [com.google.android.gms:play-services-base:9.8.0] AndroidManifest.xml:18:5-20:19
MERGED from [com.google.firebase:firebase-messaging:9.8.0] AndroidManifest.xml:19:5-29:19
MERGED from [com.mcxiaoke.volley:library-aar:1.0.1] AndroidManifest.xml:5:5-19
MERGED from [com.android.support.constraint:constraint-layout:1.0.0-beta5] AndroidManifest.xml:9:5-20
MERGED from [com.google.firebase:firebase-core:9.8.0] AndroidManifest.xml:5:5-20
MERGED from [com.google.firebase:firebase-analytics:9.8.0] AndroidManifest.xml:24:5-33:19
MERGED from [com.google.firebase:firebase-analytics-impl:9.8.0] AndroidManifest.xml:24:5-28:19
MERGED from [com.google.firebase:firebase-iid:9.8.0] AndroidManifest.xml:28:5-50:19
MERGED from [com.google.firebase:firebase-common:9.8.0] AndroidManifest.xml:4:5-7:19
MERGED from [com.google.android.gms:play-services-tasks:9.8.0] AndroidManifest.xml:4:5-19
MERGED from [com.google.android.gms:play-services-basement:9.8.0] AndroidManifest.xml:19:5-21:19
MERGED from [com.android.support:support-v4:24.0.0] AndroidManifest.xml:25:5-20
	android:label
		ADDED from [99RSPL 11May:sqlite-android-3150000-see:unspecified] AndroidManifest.xml:13:9-41
	android:supportsRtl
		ADDED from [99RSPL 11May:sqlite-android-3150000-see:unspecified] AndroidManifest.xml:14:9-35
	android:windowSoftInputMode
		ADDED from src/main/AndroidManifest.xml:43:9-56
	android:icon
		ADDED from src/main/AndroidManifest.xml:42:9-35
	android:allowBackup
		ADDED from [99RSPL 11May:sqlite-android-3150000-see:unspecified] AndroidManifest.xml:12:9-35
	android:name
		ADDED from src/main/AndroidManifest.xml:41:9-38
intent-filter#android.intent.action.MAIN+android.intent.category.LAUNCHER+android.provider.Telephony.SMS_RECEIVED
ADDED from src/main/AndroidManifest.xml:44:9-49:25
action#android.intent.action.MAIN
ADDED from src/main/AndroidManifest.xml:45:13-65
	android:name
		ADDED from src/main/AndroidManifest.xml:45:21-62
action#android.provider.Telephony.SMS_RECEIVED
ADDED from src/main/AndroidManifest.xml:46:13-78
	android:name
		ADDED from src/main/AndroidManifest.xml:46:21-75
category#android.intent.category.LAUNCHER
ADDED from src/main/AndroidManifest.xml:48:13-73
	android:name
		ADDED from src/main/AndroidManifest.xml:48:23-70
receiver#com.RSPL.POS.ConnectivityReceiver
ADDED from src/main/AndroidManifest.xml:51:9-57:20
	android:enabled
		ADDED from src/main/AndroidManifest.xml:53:13-35
	android:name
		ADDED from src/main/AndroidManifest.xml:52:13-49
intent-filter#android.net.conn.CONNECTIVITY_CHANGE
ADDED from src/main/AndroidManifest.xml:54:13-56:29
action#android.net.conn.CONNECTIVITY_CHANGE
ADDED from src/main/AndroidManifest.xml:55:17-79
	android:name
		ADDED from src/main/AndroidManifest.xml:55:25-76
receiver#com.RSPL.POS.BootUpReceiver
ADDED from src/main/AndroidManifest.xml:58:9-68:20
	android:permission
		ADDED from src/main/AndroidManifest.xml:60:13-73
	android:name
		ADDED from src/main/AndroidManifest.xml:59:13-43
intent-filter#android.intent.action.SEARCH+com.google.android.c2dm.intent.RECEIVE+com.google.android.c2dm.intent.REGISTRATION+com.mycompany.apps
ADDED from src/main/AndroidManifest.xml:61:13-67:29
action#com.google.android.c2dm.intent.RECEIVE
ADDED from src/main/AndroidManifest.xml:62:17-81
	android:name
		ADDED from src/main/AndroidManifest.xml:62:25-78
action#com.google.android.c2dm.intent.REGISTRATION
ADDED from src/main/AndroidManifest.xml:63:17-86
	android:name
		ADDED from src/main/AndroidManifest.xml:63:25-83
action#android.intent.action.SEARCH
ADDED from src/main/AndroidManifest.xml:64:17-71
	android:name
		ADDED from src/main/AndroidManifest.xml:64:25-68
category#com.mycompany.apps
ADDED from src/main/AndroidManifest.xml:66:17-63
	android:name
		ADDED from src/main/AndroidManifest.xml:66:27-60
receiver#com.RSPL.POS.StartAtBootUp
ADDED from src/main/AndroidManifest.xml:69:9-73:20
	android:name
		ADDED from src/main/AndroidManifest.xml:69:19-48
intent-filter#android.intent.action.BOOT_COMPLETED
ADDED from src/main/AndroidManifest.xml:70:13-72:29
action#android.intent.action.BOOT_COMPLETED
ADDED from src/main/AndroidManifest.xml:71:17-79
	android:name
		ADDED from src/main/AndroidManifest.xml:71:25-76
service#com.RSPL.POS.MyFirebaseMessagingService
ADDED from src/main/AndroidManifest.xml:75:9-79:19
	android:name
		ADDED from src/main/AndroidManifest.xml:75:18-60
intent-filter#com.google.firebase.MESSAGING_EVENT
ADDED from src/main/AndroidManifest.xml:76:13-78:29
action#com.google.firebase.MESSAGING_EVENT
ADDED from src/main/AndroidManifest.xml:77:17-78
	android:name
		ADDED from src/main/AndroidManifest.xml:77:25-75
activity#com.RSPL.POS.ActivityCustomer
ADDED from src/main/AndroidManifest.xml:85:9-91:70
	android:screenOrientation
		ADDED from src/main/AndroidManifest.xml:89:13-50
	android:label
		ADDED from src/main/AndroidManifest.xml:88:13-29
	android:windowSoftInputMode
		ADDED from src/main/AndroidManifest.xml:91:13-67
	android:configChanges
		ADDED from src/main/AndroidManifest.xml:87:13-63
	android:theme
		ADDED from src/main/AndroidManifest.xml:90:13-52
	android:name
		ADDED from src/main/AndroidManifest.xml:86:13-45
activity#com.RSPL.POS.Activity_Installation
ADDED from src/main/AndroidManifest.xml:92:9-104:20
	android:screenOrientation
		ADDED from src/main/AndroidManifest.xml:96:13-50
	android:label
		ADDED from src/main/AndroidManifest.xml:95:13-29
	android:windowSoftInputMode
		ADDED from src/main/AndroidManifest.xml:98:13-67
	android:configChanges
		ADDED from src/main/AndroidManifest.xml:94:13-63
	android:theme
		ADDED from src/main/AndroidManifest.xml:97:13-52
	android:name
		ADDED from src/main/AndroidManifest.xml:93:13-50
intent-filter#android.intent.action.MAIN+android.intent.category.LAUNCHER
ADDED from src/main/AndroidManifest.xml:99:13-103:29
activity#com.RSPL.POS.ReportVendorReturnActivity
ADDED from src/main/AndroidManifest.xml:105:9-111:70
	android:screenOrientation
		ADDED from src/main/AndroidManifest.xml:109:13-50
	android:label
		ADDED from src/main/AndroidManifest.xml:108:13-29
	android:windowSoftInputMode
		ADDED from src/main/AndroidManifest.xml:111:13-67
	android:configChanges
		ADDED from src/main/AndroidManifest.xml:107:13-63
	android:theme
		ADDED from src/main/AndroidManifest.xml:110:13-52
	android:name
		ADDED from src/main/AndroidManifest.xml:106:13-55
activity#com.RSPL.POS.Activity_masterScreen1
ADDED from src/main/AndroidManifest.xml:112:9-118:70
	android:screenOrientation
		ADDED from src/main/AndroidManifest.xml:116:13-50
	android:label
		ADDED from src/main/AndroidManifest.xml:115:13-29
	android:windowSoftInputMode
		ADDED from src/main/AndroidManifest.xml:118:13-67
	android:configChanges
		ADDED from src/main/AndroidManifest.xml:114:13-63
	android:theme
		ADDED from src/main/AndroidManifest.xml:117:13-52
	android:name
		ADDED from src/main/AndroidManifest.xml:113:13-51
activity#com.RSPL.POS.Activity_masterScreen2
ADDED from src/main/AndroidManifest.xml:119:9-125:70
	android:screenOrientation
		ADDED from src/main/AndroidManifest.xml:123:13-50
	android:label
		ADDED from src/main/AndroidManifest.xml:122:13-29
	android:windowSoftInputMode
		ADDED from src/main/AndroidManifest.xml:125:13-67
	android:configChanges
		ADDED from src/main/AndroidManifest.xml:121:13-63
	android:theme
		ADDED from src/main/AndroidManifest.xml:124:13-52
	android:name
		ADDED from src/main/AndroidManifest.xml:120:13-51
activity#com.RSPL.POS.ActivityVendor
ADDED from src/main/AndroidManifest.xml:126:9-132:70
	android:screenOrientation
		ADDED from src/main/AndroidManifest.xml:130:13-50
	android:label
		ADDED from src/main/AndroidManifest.xml:129:13-29
	android:windowSoftInputMode
		ADDED from src/main/AndroidManifest.xml:132:13-67
	android:configChanges
		ADDED from src/main/AndroidManifest.xml:128:13-63
	android:theme
		ADDED from src/main/AndroidManifest.xml:131:13-52
	android:name
		ADDED from src/main/AndroidManifest.xml:127:13-43
activity#com.RSPL.POS.login
ADDED from src/main/AndroidManifest.xml:133:9-138:55
	android:screenOrientation
		ADDED from src/main/AndroidManifest.xml:137:13-50
	android:label
		ADDED from src/main/AndroidManifest.xml:136:13-29
	android:configChanges
		ADDED from src/main/AndroidManifest.xml:135:13-63
	android:theme
		ADDED from src/main/AndroidManifest.xml:138:13-52
	android:name
		ADDED from src/main/AndroidManifest.xml:134:13-34
activity#com.RSPL.POS.ActivityLocalProduct
ADDED from src/main/AndroidManifest.xml:139:9-145:70
	android:screenOrientation
		ADDED from src/main/AndroidManifest.xml:143:13-50
	android:label
		ADDED from src/main/AndroidManifest.xml:142:13-29
	android:windowSoftInputMode
		ADDED from src/main/AndroidManifest.xml:145:13-67
	android:configChanges
		ADDED from src/main/AndroidManifest.xml:141:13-63
	android:theme
		ADDED from src/main/AndroidManifest.xml:144:13-52
	android:name
		ADDED from src/main/AndroidManifest.xml:140:13-49
activity#com.RSPL.POS.ActivityTax
ADDED from src/main/AndroidManifest.xml:146:9-152:70
	android:screenOrientation
		ADDED from src/main/AndroidManifest.xml:150:13-50
	android:label
		ADDED from src/main/AndroidManifest.xml:149:13-29
	android:windowSoftInputMode
		ADDED from src/main/AndroidManifest.xml:152:13-67
	android:configChanges
		ADDED from src/main/AndroidManifest.xml:148:13-63
	android:theme
		ADDED from src/main/AndroidManifest.xml:151:13-52
	android:name
		ADDED from src/main/AndroidManifest.xml:147:13-40
activity#com.RSPL.POS.ActivityStore
ADDED from src/main/AndroidManifest.xml:153:9-159:70
	android:screenOrientation
		ADDED from src/main/AndroidManifest.xml:157:13-50
	android:label
		ADDED from src/main/AndroidManifest.xml:156:13-29
	android:windowSoftInputMode
		ADDED from src/main/AndroidManifest.xml:159:13-67
	android:configChanges
		ADDED from src/main/AndroidManifest.xml:155:13-63
	android:theme
		ADDED from src/main/AndroidManifest.xml:158:13-52
	android:name
		ADDED from src/main/AndroidManifest.xml:154:13-42
activity#com.RSPL.POS.SalesReturnReportActivity
ADDED from src/main/AndroidManifest.xml:160:9-166:70
	android:screenOrientation
		ADDED from src/main/AndroidManifest.xml:164:13-50
	android:label
		ADDED from src/main/AndroidManifest.xml:163:13-29
	android:windowSoftInputMode
		ADDED from src/main/AndroidManifest.xml:166:13-67
	android:configChanges
		ADDED from src/main/AndroidManifest.xml:162:13-63
	android:theme
		ADDED from src/main/AndroidManifest.xml:165:13-52
	android:name
		ADDED from src/main/AndroidManifest.xml:161:13-54
activity#com.RSPL.POS.ActivityProduct
ADDED from src/main/AndroidManifest.xml:167:9-173:70
	android:screenOrientation
		ADDED from src/main/AndroidManifest.xml:171:13-50
	android:label
		ADDED from src/main/AndroidManifest.xml:170:13-29
	android:windowSoftInputMode
		ADDED from src/main/AndroidManifest.xml:173:13-67
	android:configChanges
		ADDED from src/main/AndroidManifest.xml:169:13-63
	android:theme
		ADDED from src/main/AndroidManifest.xml:172:13-52
	android:name
		ADDED from src/main/AndroidManifest.xml:168:13-44
activity#com.RSPL.POS.Activitypurchase
ADDED from src/main/AndroidManifest.xml:174:9-180:70
	android:screenOrientation
		ADDED from src/main/AndroidManifest.xml:178:13-50
	android:label
		ADDED from src/main/AndroidManifest.xml:177:13-29
	android:windowSoftInputMode
		ADDED from src/main/AndroidManifest.xml:180:13-67
	android:configChanges
		ADDED from src/main/AndroidManifest.xml:176:13-63
	android:theme
		ADDED from src/main/AndroidManifest.xml:179:13-52
	android:name
		ADDED from src/main/AndroidManifest.xml:175:13-45
activity#com.RSPL.POS.ActivitySales
ADDED from src/main/AndroidManifest.xml:181:9-187:70
	android:screenOrientation
		ADDED from src/main/AndroidManifest.xml:185:13-50
	android:label
		ADDED from src/main/AndroidManifest.xml:184:13-29
	android:windowSoftInputMode
		ADDED from src/main/AndroidManifest.xml:187:13-67
	android:configChanges
		ADDED from src/main/AndroidManifest.xml:183:13-63
	android:theme
		ADDED from src/main/AndroidManifest.xml:186:13-52
	android:name
		ADDED from src/main/AndroidManifest.xml:182:13-42
activity#com.RSPL.POS.ActivityDayOpen
ADDED from src/main/AndroidManifest.xml:188:9-194:70
	android:screenOrientation
		ADDED from src/main/AndroidManifest.xml:192:13-50
	android:label
		ADDED from src/main/AndroidManifest.xml:191:13-29
	android:windowSoftInputMode
		ADDED from src/main/AndroidManifest.xml:194:13-67
	android:configChanges
		ADDED from src/main/AndroidManifest.xml:190:13-63
	android:theme
		ADDED from src/main/AndroidManifest.xml:193:13-52
	android:name
		ADDED from src/main/AndroidManifest.xml:189:13-44
activity#com.RSPL.POS.ActivityTender
ADDED from src/main/AndroidManifest.xml:195:9-201:70
	android:screenOrientation
		ADDED from src/main/AndroidManifest.xml:199:13-50
	android:label
		ADDED from src/main/AndroidManifest.xml:198:13-29
	android:windowSoftInputMode
		ADDED from src/main/AndroidManifest.xml:201:13-67
	android:configChanges
		ADDED from src/main/AndroidManifest.xml:197:13-63
	android:theme
		ADDED from src/main/AndroidManifest.xml:200:13-52
	android:name
		ADDED from src/main/AndroidManifest.xml:196:13-43
activity#com.RSPL.POS.ActivityScheme
ADDED from src/main/AndroidManifest.xml:202:9-208:70
	android:screenOrientation
		ADDED from src/main/AndroidManifest.xml:206:13-50
	android:label
		ADDED from src/main/AndroidManifest.xml:205:13-29
	android:windowSoftInputMode
		ADDED from src/main/AndroidManifest.xml:208:13-67
	android:configChanges
		ADDED from src/main/AndroidManifest.xml:204:13-63
	android:theme
		ADDED from src/main/AndroidManifest.xml:207:13-52
	android:name
		ADDED from src/main/AndroidManifest.xml:203:13-43
activity#com.RSPL.POS.ActivityMaintain
ADDED from src/main/AndroidManifest.xml:209:9-213:55
	android:screenOrientation
		ADDED from src/main/AndroidManifest.xml:212:13-50
	android:label
		ADDED from src/main/AndroidManifest.xml:211:13-29
	android:theme
		ADDED from src/main/AndroidManifest.xml:213:13-52
	android:name
		ADDED from src/main/AndroidManifest.xml:210:13-45
activity#com.RSPL.POS.ActivitylocalVendor
ADDED from src/main/AndroidManifest.xml:214:9-220:70
	android:screenOrientation
		ADDED from src/main/AndroidManifest.xml:218:13-50
	android:label
		ADDED from src/main/AndroidManifest.xml:217:13-29
	android:windowSoftInputMode
		ADDED from src/main/AndroidManifest.xml:220:13-67
	android:configChanges
		ADDED from src/main/AndroidManifest.xml:216:13-63
	android:theme
		ADDED from src/main/AndroidManifest.xml:219:13-52
	android:name
		ADDED from src/main/AndroidManifest.xml:215:13-48
activity#com.RSPL.POS.ActivityReportMain
ADDED from src/main/AndroidManifest.xml:221:9-225:55
	android:screenOrientation
		ADDED from src/main/AndroidManifest.xml:224:13-50
	android:label
		ADDED from src/main/AndroidManifest.xml:223:13-29
	android:theme
		ADDED from src/main/AndroidManifest.xml:225:13-52
	android:name
		ADDED from src/main/AndroidManifest.xml:222:13-47
activity#com.RSPL.POS.ShowWithInvoiceReportListActivity
ADDED from src/main/AndroidManifest.xml:226:9-230:55
	android:screenOrientation
		ADDED from src/main/AndroidManifest.xml:229:13-50
	android:label
		ADDED from src/main/AndroidManifest.xml:228:13-29
	android:theme
		ADDED from src/main/AndroidManifest.xml:230:13-52
	android:name
		ADDED from src/main/AndroidManifest.xml:227:13-62
activity#com.RSPL.POS.ShowWithoutInvoiceReportListActivity
ADDED from src/main/AndroidManifest.xml:231:9-235:55
	android:screenOrientation
		ADDED from src/main/AndroidManifest.xml:234:13-50
	android:label
		ADDED from src/main/AndroidManifest.xml:233:13-29
	android:theme
		ADDED from src/main/AndroidManifest.xml:235:13-52
	android:name
		ADDED from src/main/AndroidManifest.xml:232:13-65
activity#com.RSPL.POS.ReportActivity
ADDED from src/main/AndroidManifest.xml:236:9-240:55
	android:screenOrientation
		ADDED from src/main/AndroidManifest.xml:239:13-50
	android:label
		ADDED from src/main/AndroidManifest.xml:238:13-29
	android:theme
		ADDED from src/main/AndroidManifest.xml:240:13-52
	android:name
		ADDED from src/main/AndroidManifest.xml:237:13-43
activity#com.RSPL.POS.BlinkinglogoActivity
ADDED from src/main/AndroidManifest.xml:241:9-245:55
	android:screenOrientation
		ADDED from src/main/AndroidManifest.xml:244:13-50
	android:label
		ADDED from src/main/AndroidManifest.xml:243:13-29
	android:theme
		ADDED from src/main/AndroidManifest.xml:245:13-52
	android:name
		ADDED from src/main/AndroidManifest.xml:242:13-49
activity#com.RSPL.POS.ActivityMainMaintainence
ADDED from src/main/AndroidManifest.xml:246:9-250:55
	android:screenOrientation
		ADDED from src/main/AndroidManifest.xml:249:13-50
	android:label
		ADDED from src/main/AndroidManifest.xml:248:13-29
	android:theme
		ADDED from src/main/AndroidManifest.xml:250:13-52
	android:name
		ADDED from src/main/AndroidManifest.xml:247:13-53
activity#com.RSPL.POS.maintainenecereport
ADDED from src/main/AndroidManifest.xml:251:9-255:55
	android:screenOrientation
		ADDED from src/main/AndroidManifest.xml:254:13-50
	android:label
		ADDED from src/main/AndroidManifest.xml:253:13-29
	android:theme
		ADDED from src/main/AndroidManifest.xml:255:13-52
	android:name
		ADDED from src/main/AndroidManifest.xml:252:13-48
activity#com.RSPL.POS.Activityinternetbill
ADDED from src/main/AndroidManifest.xml:256:9-260:55
	android:screenOrientation
		ADDED from src/main/AndroidManifest.xml:259:13-50
	android:label
		ADDED from src/main/AndroidManifest.xml:258:13-29
	android:theme
		ADDED from src/main/AndroidManifest.xml:260:13-52
	android:name
		ADDED from src/main/AndroidManifest.xml:257:13-49
activity#com.RSPL.POS.BiilinternetActivity
ADDED from src/main/AndroidManifest.xml:261:9-265:55
	android:screenOrientation
		ADDED from src/main/AndroidManifest.xml:264:13-50
	android:label
		ADDED from src/main/AndroidManifest.xml:263:13-29
	android:theme
		ADDED from src/main/AndroidManifest.xml:265:13-52
	android:name
		ADDED from src/main/AndroidManifest.xml:262:13-49
activity#com.RSPL.POS.ShowStockAdjustmentListActivity
ADDED from src/main/AndroidManifest.xml:266:9-272:70
	android:screenOrientation
		ADDED from src/main/AndroidManifest.xml:270:13-50
	android:label
		ADDED from src/main/AndroidManifest.xml:269:13-29
	android:windowSoftInputMode
		ADDED from src/main/AndroidManifest.xml:272:13-67
	android:configChanges
		ADDED from src/main/AndroidManifest.xml:268:13-63
	android:theme
		ADDED from src/main/AndroidManifest.xml:271:13-52
	android:name
		ADDED from src/main/AndroidManifest.xml:267:13-60
activity#com.RSPL.POS.PurchaseActivity
ADDED from src/main/AndroidManifest.xml:273:9-278:58
	android:screenOrientation
		ADDED from src/main/AndroidManifest.xml:276:13-50
	android:label
		ADDED from src/main/AndroidManifest.xml:275:13-29
	android:windowSoftInputMode
		ADDED from src/main/AndroidManifest.xml:278:13-55
	android:theme
		ADDED from src/main/AndroidManifest.xml:277:13-52
	android:name
		ADDED from src/main/AndroidManifest.xml:274:13-45
activity#com.RSPL.POS.Activity_Media
ADDED from src/main/AndroidManifest.xml:279:9-283:70
	android:label
		ADDED from src/main/AndroidManifest.xml:282:13-29
	android:windowSoftInputMode
		ADDED from src/main/AndroidManifest.xml:283:13-67
	android:configChanges
		ADDED from src/main/AndroidManifest.xml:281:13-63
	android:name
		ADDED from src/main/AndroidManifest.xml:280:13-43
activity#com.RSPL.POS.activity_inventory
ADDED from src/main/AndroidManifest.xml:284:9-290:70
	android:screenOrientation
		ADDED from src/main/AndroidManifest.xml:288:13-50
	android:label
		ADDED from src/main/AndroidManifest.xml:287:13-29
	android:windowSoftInputMode
		ADDED from src/main/AndroidManifest.xml:290:13-67
	android:configChanges
		ADDED from src/main/AndroidManifest.xml:286:13-63
	android:theme
		ADDED from src/main/AndroidManifest.xml:289:13-52
	android:name
		ADDED from src/main/AndroidManifest.xml:285:13-47
receiver#com.RSPL.POS.GoDBSyncAlarmManager
ADDED from src/main/AndroidManifest.xml:292:9-295:39
	android:enabled
		ADDED from src/main/AndroidManifest.xml:294:13-35
	android:exported
		ADDED from src/main/AndroidManifest.xml:295:13-36
	android:name
		ADDED from src/main/AndroidManifest.xml:293:13-49
activity#com.RSPL.POS.ActivityLoyality
ADDED from src/main/AndroidManifest.xml:297:9-301:55
	android:screenOrientation
		ADDED from src/main/AndroidManifest.xml:300:13-50
	android:label
		ADDED from src/main/AndroidManifest.xml:299:13-29
	android:theme
		ADDED from src/main/AndroidManifest.xml:301:13-52
	android:name
		ADDED from src/main/AndroidManifest.xml:298:13-45
activity#com.RSPL.POS.Activity_lineitem_discount
ADDED from src/main/AndroidManifest.xml:302:9-308:70
	android:screenOrientation
		ADDED from src/main/AndroidManifest.xml:306:13-50
	android:label
		ADDED from src/main/AndroidManifest.xml:305:13-29
	android:windowSoftInputMode
		ADDED from src/main/AndroidManifest.xml:308:13-67
	android:configChanges
		ADDED from src/main/AndroidManifest.xml:304:13-63
	android:theme
		ADDED from src/main/AndroidManifest.xml:307:13-52
	android:name
		ADDED from src/main/AndroidManifest.xml:303:13-55
activity#com.RSPL.POS.Activity_Top_Product
ADDED from src/main/AndroidManifest.xml:309:9-315:70
	android:screenOrientation
		ADDED from src/main/AndroidManifest.xml:313:13-50
	android:label
		ADDED from src/main/AndroidManifest.xml:312:13-29
	android:windowSoftInputMode
		ADDED from src/main/AndroidManifest.xml:315:13-67
	android:configChanges
		ADDED from src/main/AndroidManifest.xml:311:13-63
	android:theme
		ADDED from src/main/AndroidManifest.xml:314:13-52
	android:name
		ADDED from src/main/AndroidManifest.xml:310:13-49
activity#com.RSPL.POS.Activityloyalitydefine
ADDED from src/main/AndroidManifest.xml:316:9-322:70
	android:screenOrientation
		ADDED from src/main/AndroidManifest.xml:320:13-50
	android:label
		ADDED from src/main/AndroidManifest.xml:319:13-29
	android:windowSoftInputMode
		ADDED from src/main/AndroidManifest.xml:322:13-67
	android:configChanges
		ADDED from src/main/AndroidManifest.xml:318:13-63
	android:theme
		ADDED from src/main/AndroidManifest.xml:321:13-52
	android:name
		ADDED from src/main/AndroidManifest.xml:317:13-51
activity#com.RSPL.POS.Activityloyalityaccural
ADDED from src/main/AndroidManifest.xml:323:9-329:70
	android:screenOrientation
		ADDED from src/main/AndroidManifest.xml:327:13-50
	android:label
		ADDED from src/main/AndroidManifest.xml:326:13-29
	android:windowSoftInputMode
		ADDED from src/main/AndroidManifest.xml:329:13-67
	android:configChanges
		ADDED from src/main/AndroidManifest.xml:325:13-63
	android:theme
		ADDED from src/main/AndroidManifest.xml:328:13-52
	android:name
		ADDED from src/main/AndroidManifest.xml:324:13-52
activity#com.RSPL.POS.ActivityStoreScreenFeedback
ADDED from src/main/AndroidManifest.xml:330:9-335:70
	android:screenOrientation
		ADDED from src/main/AndroidManifest.xml:333:13-50
	android:windowSoftInputMode
		ADDED from src/main/AndroidManifest.xml:335:13-67
	android:configChanges
		ADDED from src/main/AndroidManifest.xml:332:13-63
	android:theme
		ADDED from src/main/AndroidManifest.xml:334:13-52
	android:name
		ADDED from src/main/AndroidManifest.xml:331:13-56
activity#com.RSPL.POS.MasterDataActivity